0 info it worked if it ends with ok
1 verbose cli [ 'D:\\nodejs\\nodejsv4\\node.exe',
1 verbose cli   'D:\\npm-pkg\\npm\\node_modules\\npm\\bin\\npm-cli.js',
1 verbose cli   'run',
1 verbose cli   'build' ]
2 info using npm@3.10.5
3 info using node@v4.4.7
4 verbose run-script [ 'prebuild', 'build', 'postbuild' ]
5 info lifecycle fe-seed@1.0.0~prebuild: fe-seed@1.0.0
6 silly lifecycle fe-seed@1.0.0~prebuild: no script for prebuild, continuing
7 info lifecycle fe-seed@1.0.0~build: fe-seed@1.0.0
8 verbose lifecycle fe-seed@1.0.0~build: unsafe-perm in lifecycle true
9 verbose lifecycle fe-seed@1.0.0~build: PATH: D:\npm-pkg\npm\node_modules\npm\bin\node-gyp-bin;E:\fe-demo\fe-seed\node_modules\.bin;D:\nodejs\nodejsv4;C:\Program Files\Git\mingw64\bin;C:\Program Files\Git\usr\bin;C:\Users\Administrator\bin;C:\ProgramData\Oracle\Java\javapath;D:\soft\Ruby23-x64\bin;D:\soft\Python27;D:\soft\Python27\Scripts;C:\Windows\system32;C:\Windows;C:\Windows\System32\Wbem;C:\Windows\System32\WindowsPowerShell\v1.0;D:\nodejs\nodejsv4;D:\soft\TortoiseGit\bin;D:\soft\android\sdk\platform-tools;%USERPROFILE%\.dnx\bin;C:\Program Files\Microsoft DNX\Dnvm;C:\Program Files\Microsoft SQL Server\130\Tools\Binn;D:\soft\Lua\5.1;D:\soft\Lua\5.1\clibs;D:\soft\Cloud Foundry;C:\Program Files\Git\cmd;D:\soft\Anaconda3;D:\soft\Anaconda3\Scripts;D:\soft\Anaconda3\Library\bin;D:\soft\Go\bin;D:\soft\HP\LoadRunner\strawberry-perl\perl\bin;C:\Users\Administrator\.dnx\bin;C:\Users\Administrator\AppData\Roaming\npm;D:\soft\Git\bin;D:\soft\Git\mingw32\bin;D:\soft\Java\jdk1.8.0_101\bin;D:\soft\tomcat-9\bin;D:\soft\Git\cmd;D:\npm-pkg\npm;D:\soft\VS Code\bin;D:\soft\Docker Toolbox;D:\soft\phantomjs-2.1.1-windows\bin;D:\soft\php7;D:\soft\php7\ext;D:\soft\Java\gradle-3.4.1\bin;D:\npm-pkg\npm;D:\soft\Go\bin;D:\soft\kotlin\bin;C:\Users\Administrator\AppData\Local\Programs\Fiddler;D:\soft\xampp\apache\bin
10 verbose lifecycle fe-seed@1.0.0~build: CWD: E:\fe-demo\fe-seed
11 silly lifecycle fe-seed@1.0.0~build: Args: [ '/d /s /c', 'rollup -c build/rollup.config.js' ]
12 silly lifecycle fe-seed@1.0.0~build: Returned: code: 1  signal: null
13 info lifecycle fe-seed@1.0.0~build: Failed to exec build script
14 verbose stack Error: fe-seed@1.0.0 build: `rollup -c build/rollup.config.js`
14 verbose stack Exit status 1
14 verbose stack     at EventEmitter.<anonymous> (D:\npm-pkg\npm\node_modules\npm\lib\utils\lifecycle.js:242:16)
14 verbose stack     at emitTwo (events.js:87:13)
14 verbose stack     at EventEmitter.emit (events.js:172:7)
14 verbose stack     at ChildProcess.<anonymous> (D:\npm-pkg\npm\node_modules\npm\lib\utils\spawn.js:40:14)
14 verbose stack     at emitTwo (events.js:87:13)
14 verbose stack     at ChildProcess.emit (events.js:172:7)
14 verbose stack     at maybeClose (internal/child_process.js:827:16)
14 verbose stack     at Process.ChildProcess._handle.onexit (internal/child_process.js:211:5)
15 verbose pkgid fe-seed@1.0.0
16 verbose cwd E:\fe-demo\fe-seed
17 error Windows_NT 6.1.7601
18 error argv "D:\\nodejs\\nodejsv4\\node.exe" "D:\\npm-pkg\\npm\\node_modules\\npm\\bin\\npm-cli.js" "run" "build"
19 error node v4.4.7
20 error npm  v3.10.5
21 error code ELIFECYCLE
22 error fe-seed@1.0.0 build: `rollup -c build/rollup.config.js`
22 error Exit status 1
23 error Failed at the fe-seed@1.0.0 build script 'rollup -c build/rollup.config.js'.
23 error Make sure you have the latest version of node.js and npm installed.
23 error If you do, this is most likely a problem with the fe-seed package,
23 error not with npm itself.
23 error Tell the author that this fails on your system:
23 error     rollup -c build/rollup.config.js
23 error You can get information on how to open an issue for this project with:
23 error     npm bugs fe-seed
23 error Or if that isn't available, you can get their info via:
23 error     npm owner ls fe-seed
23 error There is likely additional logging output above.
24 verbose exit [ 1, true ]
